CRITICAL - 2024-05-25 22:22:40 --> CodeIgniter\View\Exceptions\ViewException: Invalid file: "front/head_view.php"
in SYSTEMPATH\Exceptions\FrameworkException.php on line 39.
 1 SYSTEMPATH\View\View.php(216): CodeIgniter\Exceptions\FrameworkException::forInvalidFile('front/head_view.php')
 2 SYSTEMPATH\Common.php(1178): CodeIgniter\View\View->render('front/head_view', [], true)
 3 APPPATH\Controllers\Usuario_controller.php(15): view('front/head_view', [...])
 4 SYSTEMPATH\CodeIgniter.php(941): App\Controllers\Usuario_controller->create()
 5 SYSTEMPATH\CodeIgniter.php(502): CodeIgniter\CodeIgniter->runController(Object(App\Controllers\Usuario_controller))
 6 SYSTEMPATH\CodeIgniter.php(361): CodeIgniter\CodeIgniter->handleRequest(null, Object(Config\Cache), false)
 7 FCPATH\index.php(79): CodeIgniter\CodeIgniter->run()
CRITICAL - 2024-05-25 22:23:22 --> CodeIgniter\View\Exceptions\ViewException: Invalid file: "front/head_view.php"
in SYSTEMPATH\Exceptions\FrameworkException.php on line 39.
 1 SYSTEMPATH\View\View.php(216): CodeIgniter\Exceptions\FrameworkException::forInvalidFile('front/head_view.php')
 2 SYSTEMPATH\Common.php(1178): CodeIgniter\View\View->render('front/head_view', [], true)
 3 APPPATH\Controllers\Usuario_controller.php(15): view('front/head_view', [...])
 4 SYSTEMPATH\CodeIgniter.php(941): App\Controllers\Usuario_controller->create()
 5 SYSTEMPATH\CodeIgniter.php(502): CodeIgniter\CodeIgniter->runController(Object(App\Controllers\Usuario_controller))
 6 SYSTEMPATH\CodeIgniter.php(361): CodeIgniter\CodeIgniter->handleRequest(null, Object(Config\Cache), false)
 7 FCPATH\index.php(79): CodeIgniter\CodeIgniter->run()
CRITICAL - 2024-05-25 22:23:24 --> CodeIgniter\View\Exceptions\ViewException: Invalid file: "front/head_view.php"
in SYSTEMPATH\Exceptions\FrameworkException.php on line 39.
 1 SYSTEMPATH\View\View.php(216): CodeIgniter\Exceptions\FrameworkException::forInvalidFile('front/head_view.php')
 2 SYSTEMPATH\Common.php(1178): CodeIgniter\View\View->render('front/head_view', [], true)
 3 APPPATH\Controllers\Usuario_controller.php(15): view('front/head_view', [...])
 4 SYSTEMPATH\CodeIgniter.php(941): App\Controllers\Usuario_controller->create()
 5 SYSTEMPATH\CodeIgniter.php(502): CodeIgniter\CodeIgniter->runController(Object(App\Controllers\Usuario_controller))
 6 SYSTEMPATH\CodeIgniter.php(361): CodeIgniter\CodeIgniter->handleRequest(null, Object(Config\Cache), false)
 7 FCPATH\index.php(79): CodeIgniter\CodeIgniter->run()
CRITICAL - 2024-05-25 22:23:24 --> CodeIgniter\View\Exceptions\ViewException: Invalid file: "front/head_view.php"
in SYSTEMPATH\Exceptions\FrameworkException.php on line 39.
 1 SYSTEMPATH\View\View.php(216): CodeIgniter\Exceptions\FrameworkException::forInvalidFile('front/head_view.php')
 2 SYSTEMPATH\Common.php(1178): CodeIgniter\View\View->render('front/head_view', [], true)
 3 APPPATH\Controllers\Usuario_controller.php(15): view('front/head_view', [...])
 4 SYSTEMPATH\CodeIgniter.php(941): App\Controllers\Usuario_controller->create()
 5 SYSTEMPATH\CodeIgniter.php(502): CodeIgniter\CodeIgniter->runController(Object(App\Controllers\Usuario_controller))
 6 SYSTEMPATH\CodeIgniter.php(361): CodeIgniter\CodeIgniter->handleRequest(null, Object(Config\Cache), false)
 7 FCPATH\index.php(79): CodeIgniter\CodeIgniter->run()
CRITICAL - 2024-05-25 22:24:13 --> CodeIgniter\View\Exceptions\ViewException: Invalid file: "back/Registro.php"
in SYSTEMPATH\Exceptions\FrameworkException.php on line 39.
 1 SYSTEMPATH\View\View.php(216): CodeIgniter\Exceptions\FrameworkException::forInvalidFile('back/Registro.php')
 2 SYSTEMPATH\Common.php(1178): CodeIgniter\View\View->render('back/Registro', [], true)
 3 APPPATH\Controllers\Usuario_controller.php(17): view('back/Registro')
 4 SYSTEMPATH\CodeIgniter.php(941): App\Controllers\Usuario_controller->create()
 5 SYSTEMPATH\CodeIgniter.php(502): CodeIgniter\CodeIgniter->runController(Object(App\Controllers\Usuario_controller))
 6 SYSTEMPATH\CodeIgniter.php(361): CodeIgniter\CodeIgniter->handleRequest(null, Object(Config\Cache), false)
 7 FCPATH\index.php(79): CodeIgniter\CodeIgniter->run()
CRITICAL - 2024-05-25 22:24:18 --> CodeIgniter\View\Exceptions\ViewException: Invalid file: "back/Registro.php"
in SYSTEMPATH\Exceptions\FrameworkException.php on line 39.
 1 SYSTEMPATH\View\View.php(216): CodeIgniter\Exceptions\FrameworkException::forInvalidFile('back/Registro.php')
 2 SYSTEMPATH\Common.php(1178): CodeIgniter\View\View->render('back/Registro', [], true)
 3 APPPATH\Controllers\Usuario_controller.php(17): view('back/Registro')
 4 SYSTEMPATH\CodeIgniter.php(941): App\Controllers\Usuario_controller->create()
 5 SYSTEMPATH\CodeIgniter.php(502): CodeIgniter\CodeIgniter->runController(Object(App\Controllers\Usuario_controller))
 6 SYSTEMPATH\CodeIgniter.php(361): CodeIgniter\CodeIgniter->handleRequest(null, Object(Config\Cache), false)
 7 FCPATH\index.php(79): CodeIgniter\CodeIgniter->run()
CRITICAL - 2024-05-25 22:24:21 --> CodeIgniter\View\Exceptions\ViewException: Invalid file: "back/Registro.php"
in SYSTEMPATH\Exceptions\FrameworkException.php on line 39.
 1 SYSTEMPATH\View\View.php(216): CodeIgniter\Exceptions\FrameworkException::forInvalidFile('back/Registro.php')
 2 SYSTEMPATH\Common.php(1178): CodeIgniter\View\View->render('back/Registro', [], true)
 3 APPPATH\Controllers\Usuario_controller.php(17): view('back/Registro')
 4 SYSTEMPATH\CodeIgniter.php(941): App\Controllers\Usuario_controller->create()
 5 SYSTEMPATH\CodeIgniter.php(502): CodeIgniter\CodeIgniter->runController(Object(App\Controllers\Usuario_controller))
 6 SYSTEMPATH\CodeIgniter.php(361): CodeIgniter\CodeIgniter->handleRequest(null, Object(Config\Cache), false)
 7 FCPATH\index.php(79): CodeIgniter\CodeIgniter->run()
CRITICAL - 2024-05-25 23:10:50 --> CodeIgniter\View\Exceptions\ViewException: Invalid file: "front/head_view.php"
in SYSTEMPATH\Exceptions\FrameworkException.php on line 39.
 1 SYSTEMPATH\View\View.php(216): CodeIgniter\Exceptions\FrameworkException::forInvalidFile('front/head_view.php')
 2 SYSTEMPATH\Common.php(1178): CodeIgniter\View\View->render('front/head_view', [], true)
 3 APPPATH\Controllers\Login_controller.php(16): view('front/head_view', [...])
 4 SYSTEMPATH\CodeIgniter.php(941): App\Controllers\Login_controller->create()
 5 SYSTEMPATH\CodeIgniter.php(502): CodeIgniter\CodeIgniter->runController(Object(App\Controllers\Login_controller))
 6 SYSTEMPATH\CodeIgniter.php(361): CodeIgniter\CodeIgniter->handleRequest(null, Object(Config\Cache), false)
 7 FCPATH\index.php(79): CodeIgniter\CodeIgniter->run()
