CRITICAL - 2024-04-18 21:30:43 --> CodeIgniter\View\Exceptions\ViewException: Invalid file: "front/categorias/QuienesSomos.php"
in SYSTEMPATH\Exceptions\FrameworkException.php on line 39.
 1 SYSTEMPATH\View\View.php(216): CodeIgniter\Exceptions\FrameworkException::forInvalidFile('front/categorias/QuienesSomos.php')
 2 SYSTEMPATH\Common.php(1178): CodeIgniter\View\View->render('front/categorias/QuienesSomos', [], true)
 3 APPPATH\Controllers\Home.php(52): view('front/categorias/QuienesSomos')
 4 SYSTEMPATH\CodeIgniter.php(941): App\Controllers\Home->quienesSomos()
 5 SYSTEMPATH\CodeIgniter.php(502): CodeIgniter\CodeIgniter->runController(Object(App\Controllers\Home))
 6 SYSTEMPATH\CodeIgniter.php(361): CodeIgniter\CodeIgniter->handleRequest(null, Object(Config\Cache), false)
 7 FCPATH\index.php(79): CodeIgniter\CodeIgniter->run()
CRITICAL - 2024-04-18 21:31:38 --> CodeIgniter\View\Exceptions\ViewException: Invalid file: "front/categorias/QuienesSomos.php"
in SYSTEMPATH\Exceptions\FrameworkException.php on line 39.
 1 SYSTEMPATH\View\View.php(216): CodeIgniter\Exceptions\FrameworkException::forInvalidFile('front/categorias/QuienesSomos.php')
 2 SYSTEMPATH\Common.php(1178): CodeIgniter\View\View->render('front/categorias/QuienesSomos', [], true)
 3 APPPATH\Controllers\Home.php(52): view('front/categorias/QuienesSomos')
 4 SYSTEMPATH\CodeIgniter.php(941): App\Controllers\Home->quienesSomos()
 5 SYSTEMPATH\CodeIgniter.php(502): CodeIgniter\CodeIgniter->runController(Object(App\Controllers\Home))
 6 SYSTEMPATH\CodeIgniter.php(361): CodeIgniter\CodeIgniter->handleRequest(null, Object(Config\Cache), false)
 7 FCPATH\index.php(79): CodeIgniter\CodeIgniter->run()
CRITICAL - 2024-04-18 21:31:40 --> CodeIgniter\View\Exceptions\ViewException: Invalid file: "front/categorias/QuienesSomos.php"
in SYSTEMPATH\Exceptions\FrameworkException.php on line 39.
 1 SYSTEMPATH\View\View.php(216): CodeIgniter\Exceptions\FrameworkException::forInvalidFile('front/categorias/QuienesSomos.php')
 2 SYSTEMPATH\Common.php(1178): CodeIgniter\View\View->render('front/categorias/QuienesSomos', [], true)
 3 APPPATH\Controllers\Home.php(52): view('front/categorias/QuienesSomos')
 4 SYSTEMPATH\CodeIgniter.php(941): App\Controllers\Home->quienesSomos()
 5 SYSTEMPATH\CodeIgniter.php(502): CodeIgniter\CodeIgniter->runController(Object(App\Controllers\Home))
 6 SYSTEMPATH\CodeIgniter.php(361): CodeIgniter\CodeIgniter->handleRequest(null, Object(Config\Cache), false)
 7 FCPATH\index.php(79): CodeIgniter\CodeIgniter->run()
CRITICAL - 2024-04-18 21:31:47 --> CodeIgniter\View\Exceptions\ViewException: Invalid file: "front/categorias/QuienesSomos.php"
in SYSTEMPATH\Exceptions\FrameworkException.php on line 39.
 1 SYSTEMPATH\View\View.php(216): CodeIgniter\Exceptions\FrameworkException::forInvalidFile('front/categorias/QuienesSomos.php')
 2 SYSTEMPATH\Common.php(1178): CodeIgniter\View\View->render('front/categorias/QuienesSomos', [], true)
 3 APPPATH\Controllers\Home.php(52): view('front/categorias/QuienesSomos')
 4 SYSTEMPATH\CodeIgniter.php(941): App\Controllers\Home->quienesSomos()
 5 SYSTEMPATH\CodeIgniter.php(502): CodeIgniter\CodeIgniter->runController(Object(App\Controllers\Home))
 6 SYSTEMPATH\CodeIgniter.php(361): CodeIgniter\CodeIgniter->handleRequest(null, Object(Config\Cache), false)
 7 FCPATH\index.php(79): CodeIgniter\CodeIgniter->run()
CRITICAL - 2024-04-18 21:38:45 --> CodeIgniter\View\Exceptions\ViewException: Invalid file: "front/categorias/QuienesSomos.php"
in SYSTEMPATH\Exceptions\FrameworkException.php on line 39.
 1 SYSTEMPATH\View\View.php(216): CodeIgniter\Exceptions\FrameworkException::forInvalidFile('front/categorias/QuienesSomos.php')
 2 SYSTEMPATH\Common.php(1178): CodeIgniter\View\View->render('front/categorias/QuienesSomos', [], true)
 3 APPPATH\Controllers\Home.php(52): view('front/categorias/QuienesSomos')
 4 SYSTEMPATH\CodeIgniter.php(941): App\Controllers\Home->quienesSomos()
 5 SYSTEMPATH\CodeIgniter.php(502): CodeIgniter\CodeIgniter->runController(Object(App\Controllers\Home))
 6 SYSTEMPATH\CodeIgniter.php(361): CodeIgniter\CodeIgniter->handleRequest(null, Object(Config\Cache), false)
 7 FCPATH\index.php(79): CodeIgniter\CodeIgniter->run()
