CRITICAL - 2024-04-19 19:25:18 --> ErrorException: Use of undefined constant inicio - assumed 'inicio' (this will throw an Error in a future version of PHP)
in APPPATH\Views\front\navbar.php on line 19.
 1 APPPATH\Views\front\navbar.php(19): CodeIgniter\Debug\Exceptions->errorHandler(2, 'Use of undefined constant inicio - assumed \'inicio\' (this will throw an Error in a future version of PHP)', 'C:\\xampp\\htdocs\\proyecto_lubke_hernan\\app\\Views\\front\\navbar.php', 19, [])
 2 SYSTEMPATH\View\View.php(228): include('C:\\xampp\\htdocs\\proyecto_lubke_hernan\\app\\Views\\front\\navbar.php')
 3 SYSTEMPATH\View\View.php(231): CodeIgniter\View\View->CodeIgniter\View\{closure}()
 4 SYSTEMPATH\Common.php(1178): CodeIgniter\View\View->render('front/navbar', [], true)
 5 APPPATH\Controllers\Home.php(51): view('front/navbar')
 6 SYSTEMPATH\CodeIgniter.php(941): App\Controllers\Home->quienesSomos()
 7 SYSTEMPATH\CodeIgniter.php(502): CodeIgniter\CodeIgniter->runController(Object(App\Controllers\Home))
 8 SYSTEMPATH\CodeIgniter.php(361): CodeIgniter\CodeIgniter->handleRequest(null, Object(Config\Cache), false)
 9 FCPATH\index.php(79): CodeIgniter\CodeIgniter->run()
CRITICAL - 2024-04-19 19:25:25 --> ErrorException: Use of undefined constant inicio - assumed 'inicio' (this will throw an Error in a future version of PHP)
in APPPATH\Views\front\navbar.php on line 19.
 1 APPPATH\Views\front\navbar.php(19): CodeIgniter\Debug\Exceptions->errorHandler(2, 'Use of undefined constant inicio - assumed \'inicio\' (this will throw an Error in a future version of PHP)', 'C:\\xampp\\htdocs\\proyecto_lubke_hernan\\app\\Views\\front\\navbar.php', 19, [])
 2 SYSTEMPATH\View\View.php(228): include('C:\\xampp\\htdocs\\proyecto_lubke_hernan\\app\\Views\\front\\navbar.php')
 3 SYSTEMPATH\View\View.php(231): CodeIgniter\View\View->CodeIgniter\View\{closure}()
 4 SYSTEMPATH\Common.php(1178): CodeIgniter\View\View->render('front/navbar', [], true)
 5 APPPATH\Controllers\Home.php(11): view('front/navbar')
 6 SYSTEMPATH\CodeIgniter.php(941): App\Controllers\Home->index()
 7 SYSTEMPATH\CodeIgniter.php(502): CodeIgniter\CodeIgniter->runController(Object(App\Controllers\Home))
 8 SYSTEMPATH\CodeIgniter.php(361): CodeIgniter\CodeIgniter->handleRequest(null, Object(Config\Cache), false)
 9 FCPATH\index.php(79): CodeIgniter\CodeIgniter->run()
CRITICAL - 2024-04-19 19:25:28 --> ErrorException: Use of undefined constant inicio - assumed 'inicio' (this will throw an Error in a future version of PHP)
in APPPATH\Views\front\navbar.php on line 19.
 1 APPPATH\Views\front\navbar.php(19): CodeIgniter\Debug\Exceptions->errorHandler(2, 'Use of undefined constant inicio - assumed \'inicio\' (this will throw an Error in a future version of PHP)', 'C:\\xampp\\htdocs\\proyecto_lubke_hernan\\app\\Views\\front\\navbar.php', 19, [])
 2 SYSTEMPATH\View\View.php(228): include('C:\\xampp\\htdocs\\proyecto_lubke_hernan\\app\\Views\\front\\navbar.php')
 3 SYSTEMPATH\View\View.php(231): CodeIgniter\View\View->CodeIgniter\View\{closure}()
 4 SYSTEMPATH\Common.php(1178): CodeIgniter\View\View->render('front/navbar', [], true)
 5 APPPATH\Controllers\Home.php(11): view('front/navbar')
 6 SYSTEMPATH\CodeIgniter.php(941): App\Controllers\Home->index()
 7 SYSTEMPATH\CodeIgniter.php(502): CodeIgniter\CodeIgniter->runController(Object(App\Controllers\Home))
 8 SYSTEMPATH\CodeIgniter.php(361): CodeIgniter\CodeIgniter->handleRequest(null, Object(Config\Cache), false)
 9 FCPATH\index.php(79): CodeIgniter\CodeIgniter->run()
